<?xml version="1.0" encoding="UTF-8"?>
<!-- Generated by org.testng.reporters.JUnitReportReporter -->
<testsuite hostname="DESKTOP-3JC72G1" failures="0" tests="2" name="rerun.Test1" time="12.514" errors="0" timestamp="2023-07-22T10:33:05 IST" skipped="1">
  <testcase classname="rerun.Test1" name="division" time="7.902">
    <skipped/>
  </testcase> <!-- division -->
  <system-out/>
  <testcase classname="rerun.Test1" name="division" time="4.612"/>
  <system-out/>
</testsuite> <!-- rerun.Test1 -->
