<?xml version="1.0" encoding="UTF-8"?>
<!-- Generated by org.testng.reporters.JUnitReportReporter -->
<testsuite hostname="DESKTOP-3JC72G1" failures="0" tests="2" name="testDemo.OrangeHrm" time="2.374" errors="0" timestamp="2023-07-20T18:48:34 IST" skipped="0">
  <testcase classname="testDemo.OrangeHrm" name="loginPage" time="2.341"/>
  <system-out/>
  <testcase classname="testDemo.OrangeHrm" name="loginVerify" time="0.033"/>
  <system-out/>
</testsuite> <!-- testDemo.OrangeHrm -->
