<?xml version="1.0" encoding="UTF-8"?>
<!-- Generated by org.testng.reporters.JUnitReportReporter -->
<testsuite skipped="0" hostname="DESKTOP-3JC72G1" name="completeTest.NopCommerceJewelry" tests="4" failures="0" timestamp="2023-06-13T19:45:14 IST" time="16.666" errors="0">
  <testcase name="startUp" time="5.832" classname="completeTest.NopCommerceJewelry"/>
  <system-out/>
  <testcase name="gemNecklace" time="5.643" classname="completeTest.NopCommerceJewelry"/>
  <system-out/>
  <testcase name="flowerBracelet" time="2.893" classname="completeTest.NopCommerceJewelry"/>
  <system-out/>
  <testcase name="vintageRing" time="2.298" classname="completeTest.NopCommerceJewelry"/>
  <system-out/>
</testsuite> <!-- completeTest.NopCommerceJewelry -->
