<?xml version="1.0" encoding="UTF-8"?>
<!-- Generated by org.testng.reporters.JUnitReportReporter -->
<testsuite skipped="0" hostname="DESKTOP-3JC72G1" name="completeTest.NopCommerceGiftCards" tests="4" failures="0" timestamp="2023-06-13T19:45:14 IST" time="23.488" errors="0">
  <testcase name="startUp" time="7.125" classname="completeTest.NopCommerceGiftCards"/>
  <system-out/>
  <testcase name="virtualGiftCard" time="4.968" classname="completeTest.NopCommerceGiftCards"/>
  <system-out/>
  <testcase name="physicalGiftCard50" time="5.035" classname="completeTest.NopCommerceGiftCards"/>
  <system-out/>
  <testcase name="physicalGiftCard100" time="6.360" classname="completeTest.NopCommerceGiftCards"/>
  <system-out/>
</testsuite> <!-- completeTest.NopCommerceGiftCards -->
