<?xml version="1.0" encoding="UTF-8"?>
<!-- Generated by org.testng.reporters.JUnitReportReporter -->
<testsuite skipped="0" hostname="DESKTOP-3JC72G1" name="completeTest.NopCommerceStartup" tests="1" failures="0" timestamp="2023-06-12T10:29:48 IST" time="8.643" errors="0">
  <testcase name="browserSetup" time="8.643" classname="completeTest.NopCommerceStartup"/>
  <system-out/>
</testsuite> <!-- completeTest.NopCommerceStartup -->
