<?xml version="1.0" encoding="UTF-8"?>
<!-- Generated by org.testng.reporters.JUnitReportReporter -->
<testsuite hostname="DESKTOP-3JC72G1" failures="0" tests="1" name="testNG.Annotations" time="0.023" errors="0" timestamp="2023-09-22T08:59:51 IST" skipped="0">
  <testcase classname="testNG.Annotations" name="faceBook" time="0.023"/>
  <system-out/>
</testsuite> <!-- testNG.Annotations -->
