<?xml version="1.0" encoding="UTF-8"?>
<!-- Generated by org.testng.reporters.JUnitReportReporter -->
<testsuite skipped="0" hostname="DESKTOP-3JC72G1" name="testNG.FbLog" tests="2" failures="0" timestamp="2023-06-05T18:47:10 IST" time="13.200" errors="0">
  <testcase name="loginTest2" time="4.657" classname="testNG.FbLog"/>
  <system-out/>
  <testcase name="loginTest1" time="8.543" classname="testNG.FbLog"/>
  <system-out/>
</testsuite> <!-- testNG.FbLog -->
