<?xml version="1.0" encoding="UTF-8"?>
<!-- Generated by org.testng.reporters.JUnitReportReporter -->
<testsuite skipped="0" hostname="DESKTOP-3JC72G1" name="testNG.SauceDemo1" tests="7" failures="0" timestamp="2023-06-13T19:42:18 IST" time="6.782" errors="0">
  <testcase name="browser1" time="4.410" classname="testNG.SauceDemo1"/>
  <system-out/>
  <testcase name="login1" time="0.378" classname="testNG.SauceDemo1"/>
  <system-out/>
  <testcase name="addToCart1" time="0.207" classname="testNG.SauceDemo1"/>
  <system-out/>
  <testcase name="checkOut1" time="0.115" classname="testNG.SauceDemo1"/>
  <system-out/>
  <testcase name="personalDetails1" time="0.771" classname="testNG.SauceDemo1"/>
  <system-out/>
  <testcase name="finishOrder1" time="0.174" classname="testNG.SauceDemo1"/>
  <system-out/>
  <testcase name="tearDown1" time="0.727" classname="testNG.SauceDemo1"/>
  <system-out/>
</testsuite> <!-- testNG.SauceDemo1 -->
