<?xml version="1.0" encoding="UTF-8"?>
<!-- Generated by org.testng.reporters.JUnitReportReporter -->
<testsuite skipped="0" hostname="DESKTOP-3JC72G1" name="testNG.Annotation1" tests="3" failures="0" timestamp="2023-05-31T18:32:46 IST" time="0.011" errors="0">
  <testcase name="whatsApp" time="0.001" classname="testNG.Annotation1"/>
  <system-out/>
  <testcase name="faceBook" time="0.008" classname="testNG.Annotation1"/>
  <system-out/>
  <testcase name="instagram" time="0.002" classname="testNG.Annotation1"/>
  <system-out/>
</testsuite> <!-- testNG.Annotation1 -->
