<?xml version="1.0" encoding="UTF-8"?>
<!-- Generated by org.testng.reporters.JUnitReportReporter -->
<testsuite skipped="0" hostname="DESKTOP-3JC72G1" name="completeTest.NopCommerceComputer" tests="7" failures="0" timestamp="2023-06-13T19:45:14 IST" time="33.507" errors="0">
  <testcase name="startUp" time="8.581" classname="completeTest.NopCommerceComputer"/>
  <system-out/>
  <testcase name="deskTop" time="3.739" classname="completeTest.NopCommerceComputer"/>
  <system-out/>
  <testcase name="cpu" time="6.026" classname="completeTest.NopCommerceComputer"/>
  <system-out/>
  <testcase name="noteBooks" time="4.615" classname="completeTest.NopCommerceComputer"/>
  <system-out/>
  <testcase name="appleMac" time="5.271" classname="completeTest.NopCommerceComputer"/>
  <system-out/>
  <testcase name="softWare" time="4.004" classname="completeTest.NopCommerceComputer"/>
  <system-out/>
  <testcase name="windows8" time="1.271" classname="completeTest.NopCommerceComputer"/>
  <system-out/>
</testsuite> <!-- completeTest.NopCommerceComputer -->
