<?xml version="1.0" encoding="UTF-8"?>
<!-- Generated by org.testng.reporters.JUnitReportReporter -->
<testsuite skipped="0" hostname="DESKTOP-3JC72G1" name="completeTest.NopCommerceApparel" tests="7" failures="0" timestamp="2023-06-13T19:45:14 IST" time="36.408" errors="0">
  <testcase name="startUp" time="8.426" classname="completeTest.NopCommerceApparel"/>
  <system-out/>
  <testcase name="shoes" time="6.187" classname="completeTest.NopCommerceApparel"/>
  <system-out/>
  <testcase name="adidasCampus" time="5.510" classname="completeTest.NopCommerceApparel"/>
  <system-out/>
  <testcase name="clothing" time="5.083" classname="completeTest.NopCommerceApparel"/>
  <system-out/>
  <testcase name="customTshirt" time="3.486" classname="completeTest.NopCommerceApparel"/>
  <system-out/>
  <testcase name="accesories" time="3.601" classname="completeTest.NopCommerceApparel"/>
  <system-out/>
  <testcase name="obeyHat" time="4.115" classname="completeTest.NopCommerceApparel"/>
  <system-out/>
</testsuite> <!-- completeTest.NopCommerceApparel -->
