<?xml version="1.0" encoding="UTF-8"?>
<!-- Generated by org.testng.reporters.JUnitReportReporter -->
<testsuite skipped="0" hostname="DESKTOP-3JC72G1" name="testNG.InstaFbParallel" tests="4" failures="0" timestamp="2023-06-07T17:51:28 IST" time="33.332" errors="0">
  <testcase name="fbLog" time="7.388" classname="testNG.InstaFbParallel"/>
  <system-out/>
  <testcase name="instaLog" time="9.046" classname="testNG.InstaFbParallel"/>
  <system-out/>
  <testcase name="instaLog" time="8.967" classname="testNG.InstaFbParallel"/>
  <system-out/>
  <testcase name="fbLog" time="7.931" classname="testNG.InstaFbParallel"/>
  <system-out/>
</testsuite> <!-- testNG.InstaFbParallel -->
