<?xml version="1.0" encoding="UTF-8"?>
<!-- Generated by org.testng.reporters.JUnitReportReporter -->
<testsuite skipped="0" hostname="DESKTOP-3JC72G1" name="testNG.Nop_Commerce" tests="10" failures="0" timestamp="2023-06-09T07:59:26 IST" time="16.394" errors="0">
  <testcase name="homePage" time="2.072" classname="testNG.Nop_Commerce"/>
  <system-out/>
  <testcase name="computerOptionPage" time="1.219" classname="testNG.Nop_Commerce"/>
  <system-out/>
  <testcase name="appleProductPage" time="2.740" classname="testNG.Nop_Commerce"/>
  <system-out/>
  <testcase name="shopCartPage" time="3.692" classname="testNG.Nop_Commerce"/>
  <system-out/>
  <testcase name="checkOut" time="1.817" classname="testNG.Nop_Commerce"/>
  <system-out/>
  <testcase name="billingAddressPage" time="1.718" classname="testNG.Nop_Commerce"/>
  <system-out/>
  <testcase name="shipMethodPage" time="0.969" classname="testNG.Nop_Commerce"/>
  <system-out/>
  <testcase name="paymentMethodPage" time="0.553" classname="testNG.Nop_Commerce"/>
  <system-out/>
  <testcase name="paymentInfoPage" time="0.800" classname="testNG.Nop_Commerce"/>
  <system-out/>
  <testcase name="confirmOrderPage" time="0.814" classname="testNG.Nop_Commerce"/>
  <system-out/>
</testsuite> <!-- testNG.Nop_Commerce -->
