<?xml version="1.0" encoding="UTF-8"?>
<!-- Generated by org.testng.reporters.JUnitReportReporter -->
<testsuite skipped="0" hostname="DESKTOP-3JC72G1" name="testNG.FbDataProviderTest" tests="2" failures="0" timestamp="2023-06-07T17:40:19 IST" time="11.867" errors="0">
  <testcase name="fbLog" time="5.512" classname="testNG.FbDataProviderTest"/>
  <system-out/>
  <testcase name="instaLog" time="6.355" classname="testNG.FbDataProviderTest"/>
  <system-out/>
</testsuite> <!-- testNG.FbDataProviderTest -->
