<?xml version="1.0" encoding="UTF-8"?>
<!-- Generated by org.testng.reporters.JUnitReportReporter -->
<testsuite skipped="0" hostname="DESKTOP-3JC72G1" name="completeTest.NopCommerceDigitalDownloads" tests="4" failures="0" timestamp="2023-06-13T19:45:14 IST" time="27.966" errors="0">
  <testcase name="startUp" time="9.310" classname="completeTest.NopCommerceDigitalDownloads"/>
  <system-out/>
  <testcase name="ifYouWant" time="7.747" classname="completeTest.NopCommerceDigitalDownloads"/>
  <system-out/>
  <testcase name="nightVision" time="3.577" classname="completeTest.NopCommerceDigitalDownloads"/>
  <system-out/>
  <testcase name="scienceFaith" time="7.332" classname="completeTest.NopCommerceDigitalDownloads"/>
  <system-out/>
</testsuite> <!-- completeTest.NopCommerceDigitalDownloads -->
