<?xml version="1.0" encoding="UTF-8"?>
<!-- Generated by org.testng.reporters.JUnitReportReporter -->
<testsuite skipped="0" hostname="DESKTOP-3JC72G1" name="completeTest.NopCommerceBooks" tests="4" failures="0" timestamp="2023-06-13T19:45:14 IST" time="18.895" errors="0">
  <testcase name="startUp" time="8.884" classname="completeTest.NopCommerceBooks"/>
  <system-out/>
  <testcase name="farenheit451" time="4.417" classname="completeTest.NopCommerceBooks"/>
  <system-out/>
  <testcase name="prizePies" time="2.419" classname="completeTest.NopCommerceBooks"/>
  <system-out/>
  <testcase name="prideAndPrejudice" time="3.175" classname="completeTest.NopCommerceBooks"/>
  <system-out/>
</testsuite> <!-- completeTest.NopCommerceBooks -->
