<?xml version="1.0" encoding="UTF-8"?>
<!-- Generated by org.testng.reporters.JUnitReportReporter -->
<testsuite skipped="0" hostname="DESKTOP-3JC72G1" name="completeTest.NopCommerceElectronics" tests="7" failures="0" timestamp="2023-06-13T19:45:14 IST" time="28.108" errors="0">
  <testcase name="startUp" time="8.876" classname="completeTest.NopCommerceElectronics"/>
  <system-out/>
  <testcase name="cameraPhoto" time="5.543" classname="completeTest.NopCommerceElectronics"/>
  <system-out/>
  <testcase name="nikonDslr" time="4.450" classname="completeTest.NopCommerceElectronics"/>
  <system-out/>
  <testcase name="cellPhone" time="4.345" classname="completeTest.NopCommerceElectronics"/>
  <system-out/>
  <testcase name="htcMini" time="0.764" classname="completeTest.NopCommerceElectronics"/>
  <system-out/>
  <testcase name="othersOption" time="3.490" classname="completeTest.NopCommerceElectronics"/>
  <system-out/>
  <testcase name="portableSpeakers" time="0.640" classname="completeTest.NopCommerceElectronics"/>
  <system-out/>
</testsuite> <!-- completeTest.NopCommerceElectronics -->
